{"/Users/marcelog/src/portatext/node-sdk/src/client/client.js":{"path":"/Users/marcelog/src/portatext/node-sdk/src/client/client.js","s":{"1":1,"2":1,"3":1,"4":22,"5":22,"6":22,"7":22,"8":22,"9":22,"10":1,"11":2,"12":2,"13":1,"14":13,"15":13,"16":1,"17":4,"18":4,"19":1,"20":1,"21":1,"22":1,"23":25,"24":25,"25":25,"26":25,"27":25,"28":7,"29":7,"30":3,"31":2,"32":1,"33":22,"34":13,"35":13,"36":4,"37":4,"38":4,"39":4,"40":4,"41":4,"42":1,"43":1,"44":21,"45":21,"46":21,"47":20,"48":20,"49":20,"50":20,"51":19,"52":20,"53":20,"54":20,"55":20,"56":11,"57":20,"58":11,"59":20,"60":20,"61":1,"62":1,"63":19,"64":10,"65":9,"66":1,"67":1,"68":20,"69":20,"70":1,"71":3,"72":3,"73":2,"74":2,"75":1,"76":7,"77":1,"78":6,"79":3,"80":3,"81":1,"82":1,"83":1,"84":1},"b":{"1":[7,18],"2":[3,4],"3":[13,4,4,1],"4":[19,1],"5":[11,9],"6":[11,9],"7":[20,20],"8":[1,19],"9":[20,3],"10":[10,9],"11":[1,6],"12":[3,3]},"f":{"1":22,"2":2,"3":13,"4":4,"5":1,"6":25,"7":25,"8":2,"9":1,"10":20,"11":1,"12":20,"13":3,"14":2,"15":7,"16":1,"17":1},"fnMap":{"1":{"name":"Client","line":24,"loc":{"start":{"line":24,"column":0},"end":{"line":24,"column":19}}},"2":{"name":"(anonymous_2)","line":75,"loc":{"start":{"line":75,"column":31},"end":{"line":75,"column":51}}},"3":{"name":"(anonymous_3)","line":88,"loc":{"start":{"line":88,"column":29},"end":{"line":88,"column":47}}},"4":{"name":"(anonymous_4)","line":103,"loc":{"start":{"line":103,"column":34},"end":{"line":103,"column":64}}},"5":{"name":"(anonymous_5)","line":117,"loc":{"start":{"line":117,"column":29},"end":{"line":117,"column":47}}},"6":{"name":"(anonymous_6)","line":135,"loc":{"start":{"line":135,"column":23},"end":{"line":137,"column":2}}},"7":{"name":"(anonymous_7)","line":139,"loc":{"start":{"line":139,"column":21},"end":{"line":139,"column":48}}},"8":{"name":"(anonymous_8)","line":151,"loc":{"start":{"line":151,"column":16},"end":{"line":151,"column":34}}},"9":{"name":"(anonymous_9)","line":154,"loc":{"start":{"line":154,"column":17},"end":{"line":154,"column":32}}},"10":{"name":"(anonymous_10)","line":184,"loc":{"start":{"line":184,"column":12},"end":{"line":184,"column":30}}},"11":{"name":"(anonymous_11)","line":217,"loc":{"start":{"line":217,"column":15},"end":{"line":217,"column":30}}},"12":{"name":"(anonymous_12)","line":231,"loc":{"start":{"line":231,"column":28},"end":{"line":231,"column":44}}},"13":{"name":"(anonymous_13)","line":252,"loc":{"start":{"line":252,"column":25},"end":{"line":252,"column":37}}},"14":{"name":"(anonymous_14)","line":256,"loc":{"start":{"line":256,"column":10},"end":{"line":256,"column":28}}},"15":{"name":"(anonymous_15)","line":269,"loc":{"start":{"line":269,"column":30},"end":{"line":269,"column":42}}},"16":{"name":"(anonymous_16)","line":283,"loc":{"start":{"line":283,"column":27},"end":{"line":283,"column":49}}},"17":{"name":"(anonymous_17)","line":284,"loc":{"start":{"line":284,"column":21},"end":{"line":284,"column":48}}}},"statementMap":{"1":{"start":{"line":13,"column":0},"end":{"line":13,"column":42}},"2":{"start":{"line":14,"column":0},"end":{"line":14,"column":33}},"3":{"start":{"line":24,"column":0},"end":{"line":64,"column":1}},"4":{"start":{"line":29,"column":2},"end":{"line":29,"column":55}},"5":{"start":{"line":36,"column":2},"end":{"line":36,"column":21}},"6":{"start":{"line":42,"column":2},"end":{"line":42,"column":40}},"7":{"start":{"line":49,"column":2},"end":{"line":49,"column":43}},"8":{"start":{"line":56,"column":2},"end":{"line":56,"column":27}},"9":{"start":{"line":63,"column":2},"end":{"line":63,"column":26}},"10":{"start":{"line":75,"column":0},"end":{"line":78,"column":2}},"11":{"start":{"line":76,"column":2},"end":{"line":76,"column":27}},"12":{"start":{"line":77,"column":2},"end":{"line":77,"column":14}},"13":{"start":{"line":88,"column":0},"end":{"line":91,"column":2}},"14":{"start":{"line":89,"column":2},"end":{"line":89,"column":23}},"15":{"start":{"line":90,"column":2},"end":{"line":90,"column":14}},"16":{"start":{"line":103,"column":0},"end":{"line":106,"column":2}},"17":{"start":{"line":104,"column":2},"end":{"line":104,"column":42}},"18":{"start":{"line":105,"column":2},"end":{"line":105,"column":14}},"19":{"start":{"line":117,"column":0},"end":{"line":120,"column":2}},"20":{"start":{"line":118,"column":2},"end":{"line":118,"column":23}},"21":{"start":{"line":119,"column":2},"end":{"line":119,"column":14}},"22":{"start":{"line":135,"column":0},"end":{"line":221,"column":2}},"23":{"start":{"line":138,"column":2},"end":{"line":138,"column":18}},"24":{"start":{"line":139,"column":2},"end":{"line":220,"column":5}},"25":{"start":{"line":140,"column":4},"end":{"line":140,"column":45}},"26":{"start":{"line":141,"column":4},"end":{"line":144,"column":6}},"27":{"start":{"line":146,"column":4},"end":{"line":158,"column":5}},"28":{"start":{"line":147,"column":6},"end":{"line":147,"column":35}},"29":{"start":{"line":148,"column":6},"end":{"line":157,"column":7}},"30":{"start":{"line":149,"column":8},"end":{"line":156,"column":13}},"31":{"start":{"line":152,"column":12},"end":{"line":152,"column":67}},"32":{"start":{"line":155,"column":12},"end":{"line":155,"column":24}},"33":{"start":{"line":159,"column":4},"end":{"line":174,"column":5}},"34":{"start":{"line":161,"column":8},"end":{"line":161,"column":43}},"35":{"start":{"line":162,"column":8},"end":{"line":162,"column":14}},"36":{"start":{"line":164,"column":8},"end":{"line":164,"column":55}},"37":{"start":{"line":165,"column":8},"end":{"line":165,"column":14}},"38":{"start":{"line":167,"column":8},"end":{"line":167,"column":73}},"39":{"start":{"line":168,"column":8},"end":{"line":168,"column":63}},"40":{"start":{"line":169,"column":8},"end":{"line":169,"column":57}},"41":{"start":{"line":170,"column":8},"end":{"line":170,"column":14}},"42":{"start":{"line":172,"column":8},"end":{"line":172,"column":36}},"43":{"start":{"line":173,"column":8},"end":{"line":173,"column":15}},"44":{"start":{"line":175,"column":4},"end":{"line":175,"column":75}},"45":{"start":{"line":176,"column":4},"end":{"line":181,"column":6}},"46":{"start":{"line":182,"column":4},"end":{"line":219,"column":9}},"47":{"start":{"line":185,"column":8},"end":{"line":185,"column":27}},"48":{"start":{"line":186,"column":8},"end":{"line":186,"column":40}},"49":{"start":{"line":187,"column":8},"end":{"line":187,"column":34}},"50":{"start":{"line":188,"column":8},"end":{"line":190,"column":9}},"51":{"start":{"line":189,"column":10},"end":{"line":189,"column":32}},"52":{"start":{"line":191,"column":8},"end":{"line":191,"column":38}},"53":{"start":{"line":192,"column":8},"end":{"line":192,"column":43}},"54":{"start":{"line":193,"column":8},"end":{"line":193,"column":24}},"55":{"start":{"line":194,"column":8},"end":{"line":196,"column":9}},"56":{"start":{"line":195,"column":10},"end":{"line":195,"column":45}},"57":{"start":{"line":197,"column":8},"end":{"line":199,"column":9}},"58":{"start":{"line":198,"column":10},"end":{"line":198,"column":29}},"59":{"start":{"line":200,"column":8},"end":{"line":206,"column":10}},"60":{"start":{"line":207,"column":8},"end":{"line":216,"column":9}},"61":{"start":{"line":208,"column":10},"end":{"line":208,"column":35}},"62":{"start":{"line":209,"column":10},"end":{"line":209,"column":65}},"63":{"start":{"line":211,"column":10},"end":{"line":215,"column":11}},"64":{"start":{"line":212,"column":12},"end":{"line":212,"column":27}},"65":{"start":{"line":214,"column":12},"end":{"line":214,"column":28}},"66":{"start":{"line":218,"column":8},"end":{"line":218,"column":20}},"67":{"start":{"line":231,"column":0},"end":{"line":244,"column":2}},"68":{"start":{"line":232,"column":2},"end":{"line":242,"column":4}},"69":{"start":{"line":243,"column":2},"end":{"line":243,"column":22}},"70":{"start":{"line":252,"column":0},"end":{"line":260,"column":2}},"71":{"start":{"line":253,"column":2},"end":{"line":253,"column":18}},"72":{"start":{"line":254,"column":2},"end":{"line":259,"column":7}},"73":{"start":{"line":257,"column":6},"end":{"line":257,"column":44}},"74":{"start":{"line":258,"column":6},"end":{"line":258,"column":20}},"75":{"start":{"line":269,"column":0},"end":{"line":273,"column":2}},"76":{"start":{"line":270,"column":2},"end":{"line":270,"column":36}},"77":{"start":{"line":270,"column":19},"end":{"line":270,"column":36}},"78":{"start":{"line":271,"column":2},"end":{"line":271,"column":48}},"79":{"start":{"line":271,"column":25},"end":{"line":271,"column":48}},"80":{"start":{"line":272,"column":2},"end":{"line":272,"column":17}},"81":{"start":{"line":283,"column":0},"end":{"line":287,"column":2}},"82":{"start":{"line":284,"column":2},"end":{"line":286,"column":5}},"83":{"start":{"line":285,"column":4},"end":{"line":285,"column":30}},"84":{"start":{"line":289,"column":0},"end":{"line":289,"column":24}}},"branchMap":{"1":{"line":146,"type":"if","locations":[{"start":{"line":146,"column":4},"end":{"line":146,"column":4}},{"start":{"line":146,"column":4},"end":{"line":146,"column":4}}]},"2":{"line":148,"type":"if","locations":[{"start":{"line":148,"column":6},"end":{"line":148,"column":6}},{"start":{"line":148,"column":6},"end":{"line":148,"column":6}}]},"3":{"line":159,"type":"switch","locations":[{"start":{"line":160,"column":6},"end":{"line":162,"column":14}},{"start":{"line":163,"column":6},"end":{"line":165,"column":14}},{"start":{"line":166,"column":6},"end":{"line":170,"column":14}},{"start":{"line":171,"column":6},"end":{"line":173,"column":15}}]},"4":{"line":188,"type":"if","locations":[{"start":{"line":188,"column":8},"end":{"line":188,"column":8}},{"start":{"line":188,"column":8},"end":{"line":188,"column":8}}]},"5":{"line":194,"type":"if","locations":[{"start":{"line":194,"column":8},"end":{"line":194,"column":8}},{"start":{"line":194,"column":8},"end":{"line":194,"column":8}}]},"6":{"line":197,"type":"if","locations":[{"start":{"line":197,"column":8},"end":{"line":197,"column":8}},{"start":{"line":197,"column":8},"end":{"line":197,"column":8}}]},"7":{"line":202,"type":"binary-expr","locations":[{"start":{"line":202,"column":20},"end":{"line":202,"column":33}},{"start":{"line":202,"column":37},"end":{"line":202,"column":50}}]},"8":{"line":207,"type":"if","locations":[{"start":{"line":207,"column":8},"end":{"line":207,"column":8}},{"start":{"line":207,"column":8},"end":{"line":207,"column":8}}]},"9":{"line":207,"type":"binary-expr","locations":[{"start":{"line":207,"column":12},"end":{"line":207,"column":27}},{"start":{"line":207,"column":31},"end":{"line":207,"column":59}}]},"10":{"line":211,"type":"if","locations":[{"start":{"line":211,"column":10},"end":{"line":211,"column":10}},{"start":{"line":211,"column":10},"end":{"line":211,"column":10}}]},"11":{"line":270,"type":"if","locations":[{"start":{"line":270,"column":2},"end":{"line":270,"column":2}},{"start":{"line":270,"column":2},"end":{"line":270,"column":2}}]},"12":{"line":271,"type":"if","locations":[{"start":{"line":271,"column":2},"end":{"line":271,"column":2}},{"start":{"line":271,"column":2},"end":{"line":271,"column":2}}]}}},"/Users/marcelog/src/portatext/node-sdk/src/null_logger.js":{"path":"/Users/marcelog/src/portatext/node-sdk/src/null_logger.js","s":{"1":1,"2":1,"3":21,"4":1},"b":{},"f":{"1":22,"2":21},"fnMap":{"1":{"name":"NullLogger","line":13,"loc":{"start":{"line":13,"column":0},"end":{"line":13,"column":23}}},"2":{"name":"(anonymous_2)","line":24,"loc":{"start":{"line":24,"column":27},"end":{"line":24,"column":39}}}},"statementMap":{"1":{"start":{"line":13,"column":0},"end":{"line":15,"column":1}},"2":{"start":{"line":24,"column":0},"end":{"line":26,"column":2}},"3":{"start":{"line":25,"column":2},"end":{"line":25,"column":14}},"4":{"start":{"line":28,"column":0},"end":{"line":28,"column":32}}},"branchMap":{}},"/Users/marcelog/src/portatext/node-sdk/src/client/client_http.js":{"path":"/Users/marcelog/src/portatext/node-sdk/src/client/client_http.js","s":{"1":1,"2":1,"3":1,"4":1,"5":1,"6":1,"7":2,"8":2,"9":1,"10":1,"11":2,"12":2,"13":2,"14":2,"15":2,"16":2,"17":2,"18":1,"19":1,"20":1,"21":1,"22":1,"23":2,"24":1,"25":2,"26":2,"27":1,"28":2,"29":2,"30":1},"b":{},"f":{"1":2,"2":2,"3":2,"4":1,"5":1,"6":1,"7":1,"8":2},"fnMap":{"1":{"name":"ClientHttp","line":20,"loc":{"start":{"line":20,"column":0},"end":{"line":20,"column":23}}},"2":{"name":"(anonymous_2)","line":26,"loc":{"start":{"line":26,"column":31},"end":{"line":26,"column":53}}},"3":{"name":"(anonymous_3)","line":28,"loc":{"start":{"line":28,"column":21},"end":{"line":28,"column":48}}},"4":{"name":"(anonymous_4)","line":33,"loc":{"start":{"line":33,"column":35},"end":{"line":33,"column":50}}},"5":{"name":"(anonymous_5)","line":35,"loc":{"start":{"line":35,"column":21},"end":{"line":35,"column":38}}},"6":{"name":"(anonymous_6)","line":38,"loc":{"start":{"line":38,"column":20},"end":{"line":38,"column":32}}},"7":{"name":"(anonymous_7)","line":46,"loc":{"start":{"line":46,"column":20},"end":{"line":46,"column":35}}},"8":{"name":"(anonymous_8)","line":63,"loc":{"start":{"line":63,"column":35},"end":{"line":63,"column":57}}}},"statementMap":{"1":{"start":{"line":5,"column":0},"end":{"line":5,"column":43}},"2":{"start":{"line":6,"column":0},"end":{"line":6,"column":36}},"3":{"start":{"line":7,"column":0},"end":{"line":7,"column":28}},"4":{"start":{"line":8,"column":0},"end":{"line":8,"column":27}},"5":{"start":{"line":9,"column":0},"end":{"line":9,"column":33}},"6":{"start":{"line":20,"column":0},"end":{"line":23,"column":1}},"7":{"start":{"line":21,"column":2},"end":{"line":21,"column":31}},"8":{"start":{"line":22,"column":2},"end":{"line":22,"column":38}},"9":{"start":{"line":24,"column":0},"end":{"line":24,"column":44}},"10":{"start":{"line":26,"column":0},"end":{"line":52,"column":2}},"11":{"start":{"line":27,"column":2},"end":{"line":27,"column":18}},"12":{"start":{"line":28,"column":2},"end":{"line":51,"column":5}},"13":{"start":{"line":29,"column":4},"end":{"line":29,"column":47}},"14":{"start":{"line":30,"column":4},"end":{"line":30,"column":53}},"15":{"start":{"line":31,"column":4},"end":{"line":31,"column":30}},"16":{"start":{"line":32,"column":4},"end":{"line":32,"column":41}},"17":{"start":{"line":33,"column":4},"end":{"line":45,"column":7}},"18":{"start":{"line":34,"column":6},"end":{"line":34,"column":31}},"19":{"start":{"line":35,"column":6},"end":{"line":37,"column":9}},"20":{"start":{"line":36,"column":8},"end":{"line":36,"column":69}},"21":{"start":{"line":38,"column":6},"end":{"line":44,"column":9}},"22":{"start":{"line":39,"column":8},"end":{"line":43,"column":11}},"23":{"start":{"line":46,"column":4},"end":{"line":48,"column":7}},"24":{"start":{"line":47,"column":6},"end":{"line":47,"column":18}},"25":{"start":{"line":49,"column":4},"end":{"line":49,"column":31}},"26":{"start":{"line":50,"column":4},"end":{"line":50,"column":14}},"27":{"start":{"line":63,"column":0},"end":{"line":73,"column":2}},"28":{"start":{"line":64,"column":2},"end":{"line":64,"column":41}},"29":{"start":{"line":65,"column":2},"end":{"line":72,"column":4}},"30":{"start":{"line":74,"column":0},"end":{"line":74,"column":32}}},"branchMap":{}}}