TN:
SF:/Users/marcelog/src/portatext/node-sdk/src/client/client.js
FN:24,Client
FN:75,(anonymous_2)
FN:88,(anonymous_3)
FN:103,(anonymous_4)
FN:117,(anonymous_5)
FN:135,(anonymous_6)
FN:139,(anonymous_7)
FN:151,(anonymous_8)
FN:154,(anonymous_9)
FN:184,(anonymous_10)
FN:217,(anonymous_11)
FN:231,(anonymous_12)
FN:252,(anonymous_13)
FN:256,(anonymous_14)
FN:269,(anonymous_15)
FN:283,(anonymous_16)
FN:284,(anonymous_17)
FNF:17
FNH:17
FNDA:22,Client
FNDA:2,(anonymous_2)
FNDA:13,(anonymous_3)
FNDA:4,(anonymous_4)
FNDA:1,(anonymous_5)
FNDA:25,(anonymous_6)
FNDA:25,(anonymous_7)
FNDA:2,(anonymous_8)
FNDA:1,(anonymous_9)
FNDA:20,(anonymous_10)
FNDA:1,(anonymous_11)
FNDA:20,(anonymous_12)
FNDA:3,(anonymous_13)
FNDA:2,(anonymous_14)
FNDA:7,(anonymous_15)
FNDA:1,(anonymous_16)
FNDA:1,(anonymous_17)
DA:13,1
DA:14,1
DA:24,1
DA:29,22
DA:36,22
DA:42,22
DA:49,22
DA:56,22
DA:63,22
DA:75,1
DA:76,2
DA:77,2
DA:88,1
DA:89,13
DA:90,13
DA:103,1
DA:104,4
DA:105,4
DA:117,1
DA:118,1
DA:119,1
DA:135,1
DA:138,25
DA:139,25
DA:140,25
DA:141,25
DA:146,25
DA:147,7
DA:148,7
DA:149,3
DA:152,2
DA:155,1
DA:159,22
DA:161,13
DA:162,13
DA:164,4
DA:165,4
DA:167,4
DA:168,4
DA:169,4
DA:170,4
DA:172,1
DA:173,1
DA:175,21
DA:176,21
DA:182,21
DA:185,20
DA:186,20
DA:187,20
DA:188,20
DA:189,19
DA:191,20
DA:192,20
DA:193,20
DA:194,20
DA:195,11
DA:197,20
DA:198,11
DA:200,20
DA:207,20
DA:208,1
DA:209,1
DA:211,19
DA:212,10
DA:214,9
DA:218,1
DA:231,1
DA:232,20
DA:243,20
DA:252,1
DA:253,3
DA:254,3
DA:257,2
DA:258,2
DA:269,1
DA:270,7
DA:271,6
DA:272,3
DA:283,1
DA:284,1
DA:285,1
DA:289,1
LF:82
LH:82
BRDA:146,1,0,7
BRDA:146,1,1,18
BRDA:148,2,0,3
BRDA:148,2,1,4
BRDA:159,3,0,13
BRDA:159,3,1,4
BRDA:159,3,2,4
BRDA:159,3,3,1
BRDA:188,4,0,19
BRDA:188,4,1,1
BRDA:194,5,0,11
BRDA:194,5,1,9
BRDA:197,6,0,11
BRDA:197,6,1,9
BRDA:202,7,0,20
BRDA:202,7,1,20
BRDA:207,8,0,1
BRDA:207,8,1,19
BRDA:207,9,0,20
BRDA:207,9,1,3
BRDA:211,10,0,10
BRDA:211,10,1,9
BRDA:270,11,0,1
BRDA:270,11,1,6
BRDA:271,12,0,3
BRDA:271,12,1,3
BRF:26
BRH:26
end_of_record
TN:
SF:/Users/marcelog/src/portatext/node-sdk/src/null_logger.js
FN:13,NullLogger
FN:24,(anonymous_2)
FNF:2
FNH:2
FNDA:22,NullLogger
FNDA:21,(anonymous_2)
DA:13,1
DA:24,1
DA:25,21
DA:28,1
LF:4
LH:4
BRF:0
BRH:0
end_of_record
TN:
SF:/Users/marcelog/src/portatext/node-sdk/src/client/client_http.js
FN:20,ClientHttp
FN:26,(anonymous_2)
FN:28,(anonymous_3)
FN:33,(anonymous_4)
FN:35,(anonymous_5)
FN:38,(anonymous_6)
FN:46,(anonymous_7)
FN:63,(anonymous_8)
FNF:8
FNH:8
FNDA:2,ClientHttp
FNDA:2,(anonymous_2)
FNDA:2,(anonymous_3)
FNDA:1,(anonymous_4)
FNDA:1,(anonymous_5)
FNDA:1,(anonymous_6)
FNDA:1,(anonymous_7)
FNDA:2,(anonymous_8)
DA:5,1
DA:6,1
DA:7,1
DA:8,1
DA:9,1
DA:20,1
DA:21,2
DA:22,2
DA:24,1
DA:26,1
DA:27,2
DA:28,2
DA:29,2
DA:30,2
DA:31,2
DA:32,2
DA:33,2
DA:34,1
DA:35,1
DA:36,1
DA:38,1
DA:39,1
DA:46,2
DA:47,1
DA:49,2
DA:50,2
DA:63,1
DA:64,2
DA:65,2
DA:74,1
LF:30
LH:30
BRF:0
BRH:0
end_of_record
